0 info it worked if it ends with ok
1 verbose cli [ 'node',
1 verbose cli   '/usr/local/bin/npm',
1 verbose cli   'install',
1 verbose cli   '--save-dev',
1 verbose cli   'browserify@6.1.0',
1 verbose cli   'vinyl-source-stream@1.0.0',
1 verbose cli   'watchify@2.0.0',
1 verbose cli   'gulp-util@3.0.1',
1 verbose cli   'pretty-hrtime@0.2.2',
1 verbose cli   'gulp-notify@2.0.0clear' ]
2 info using npm@2.11.3
3 info using node@v0.12.6
4 verbose node symlink /usr/local/bin/node
5 verbose install initial load of /Users/TandySean/Projects/sites/tandysean.github.io/package.json
6 verbose installManyTop reading scoped package data from /Users/TandySean/Projects/sites/tandysean.github.io/node_modules/browser-sync/package.json
7 verbose installManyTop reading scoped package data from /Users/TandySean/Projects/sites/tandysean.github.io/node_modules/browserify/package.json
8 verbose installManyTop reading scoped package data from /Users/TandySean/Projects/sites/tandysean.github.io/node_modules/browserify-shim/package.json
9 verbose installManyTop reading scoped package data from /Users/TandySean/Projects/sites/tandysean.github.io/node_modules/del/package.json
10 verbose installManyTop reading scoped package data from /Users/TandySean/Projects/sites/tandysean.github.io/node_modules/google-maps/package.json
11 verbose installManyTop reading scoped package data from /Users/TandySean/Projects/sites/tandysean.github.io/node_modules/gulp/package.json
12 verbose installManyTop reading scoped package data from /Users/TandySean/Projects/sites/tandysean.github.io/node_modules/gulp-autoprefixer/package.json
13 verbose installManyTop reading scoped package data from /Users/TandySean/Projects/sites/tandysean.github.io/node_modules/gulp-base64/package.json
14 verbose installManyTop reading scoped package data from /Users/TandySean/Projects/sites/tandysean.github.io/node_modules/gulp-changed/package.json
15 verbose installManyTop reading scoped package data from /Users/TandySean/Projects/sites/tandysean.github.io/node_modules/gulp-filter/package.json
16 verbose installManyTop reading scoped package data from /Users/TandySean/Projects/sites/tandysean.github.io/node_modules/gulp-gzip/package.json
17 verbose installManyTop reading scoped package data from /Users/TandySean/Projects/sites/tandysean.github.io/node_modules/gulp-htmlmin/package.json
18 verbose installManyTop reading scoped package data from /Users/TandySean/Projects/sites/tandysean.github.io/node_modules/gulp-imagemin/package.json
19 verbose installManyTop reading scoped package data from /Users/TandySean/Projects/sites/tandysean.github.io/node_modules/gulp-jshint/package.json
20 verbose installManyTop reading scoped package data from /Users/TandySean/Projects/sites/tandysean.github.io/node_modules/gulp-minify-css/package.json
21 verbose installManyTop reading scoped package data from /Users/TandySean/Projects/sites/tandysean.github.io/node_modules/gulp-notify/package.json
22 verbose installManyTop reading scoped package data from /Users/TandySean/Projects/sites/tandysean.github.io/node_modules/gulp-plumber/package.json
23 verbose installManyTop reading scoped package data from /Users/TandySean/Projects/sites/tandysean.github.io/node_modules/gulp-rev/package.json
24 verbose installManyTop reading scoped package data from /Users/TandySean/Projects/sites/tandysean.github.io/node_modules/gulp-rev-collector/package.json
25 verbose installManyTop reading scoped package data from /Users/TandySean/Projects/sites/tandysean.github.io/node_modules/gulp-rsync/package.json
26 verbose installManyTop reading scoped package data from /Users/TandySean/Projects/sites/tandysean.github.io/node_modules/gulp-ruby-sass/package.json
27 verbose installManyTop reading scoped package data from /Users/TandySean/Projects/sites/tandysean.github.io/node_modules/gulp-scss-lint/package.json
28 verbose installManyTop reading scoped package data from /Users/TandySean/Projects/sites/tandysean.github.io/node_modules/gulp-shell/package.json
29 verbose installManyTop reading scoped package data from /Users/TandySean/Projects/sites/tandysean.github.io/node_modules/gulp-size/package.json
30 verbose installManyTop reading scoped package data from /Users/TandySean/Projects/sites/tandysean.github.io/node_modules/gulp-sourcemaps/package.json
31 verbose installManyTop reading scoped package data from /Users/TandySean/Projects/sites/tandysean.github.io/node_modules/gulp-uglify/package.json
32 verbose installManyTop reading scoped package data from /Users/TandySean/Projects/sites/tandysean.github.io/node_modules/gulp-util/package.json
33 verbose installManyTop reading scoped package data from /Users/TandySean/Projects/sites/tandysean.github.io/node_modules/gulp-webp/package.json
34 verbose installManyTop reading scoped package data from /Users/TandySean/Projects/sites/tandysean.github.io/node_modules/gulp.spritesmith/package.json
35 verbose installManyTop reading scoped package data from /Users/TandySean/Projects/sites/tandysean.github.io/node_modules/jshint-stylish/package.json
36 verbose installManyTop reading scoped package data from /Users/TandySean/Projects/sites/tandysean.github.io/node_modules/pretty-hrtime/package.json
37 verbose installManyTop reading scoped package data from /Users/TandySean/Projects/sites/tandysean.github.io/node_modules/require-dir/package.json
38 verbose installManyTop reading scoped package data from /Users/TandySean/Projects/sites/tandysean.github.io/node_modules/run-sequence/package.json
39 verbose installManyTop reading scoped package data from /Users/TandySean/Projects/sites/tandysean.github.io/node_modules/vinyl-source-stream/package.json
40 verbose installManyTop reading scoped package data from /Users/TandySean/Projects/sites/tandysean.github.io/node_modules/watchify/package.json
41 info package.json browser-sync@1.9.1 No license field.
42 info package.json gulp@3.8.11 No license field.
43 info package.json gulp-htmlmin@0.2.0 No license field.
44 info package.json gulp-jshint@1.9.2 No license field.
45 info package.json gulp-notify@2.2.0 No license field.
46 info package.json gulp-minify-css@0.3.13 No license field.
47 info package.json gulp-plumber@0.6.6 No license field.
48 info package.json gulp-util@3.0.4 No license field.
49 info package.json gulp.spritesmith@1.5.0 No license field.
50 info package.json pretty-hrtime@0.2.2 No license field.
51 info package.json require-dir@0.1.0 No license field.
52 info package.json run-sequence@1.0.2 No license field.
53 info package.json gulp-gzip@0.0.8 No license field.
54 verbose readDependencies loading dependencies from /Users/TandySean/Projects/sites/tandysean.github.io/package.json
55 silly cache add args [ 'browserify@6.1.0', null ]
56 verbose cache add spec browserify@6.1.0
57 silly cache add args [ 'vinyl-source-stream@1.0.0', null ]
58 verbose cache add spec vinyl-source-stream@1.0.0
59 silly cache add args [ 'watchify@2.0.0', null ]
60 verbose cache add spec watchify@2.0.0
61 silly cache add args [ 'gulp-util@3.0.1', null ]
62 verbose cache add spec gulp-util@3.0.1
63 silly cache add args [ 'pretty-hrtime@0.2.2', null ]
64 verbose cache add spec pretty-hrtime@0.2.2
65 silly cache add args [ 'gulp-notify@2.0.0clear', null ]
66 verbose cache add spec gulp-notify@2.0.0clear
67 silly cache add parsed spec { raw: 'browserify@6.1.0',
67 silly cache add   scope: null,
67 silly cache add   name: 'browserify',
67 silly cache add   rawSpec: '6.1.0',
67 silly cache add   spec: '6.1.0',
67 silly cache add   type: 'version' }
68 silly addNamed browserify@6.1.0
69 verbose addNamed "6.1.0" is a plain semver version for browserify
70 silly mapToRegistry name browserify
71 silly mapToRegistry using default registry
72 silly mapToRegistry registry https://registry.npmjs.org/
73 silly mapToRegistry uri https://registry.npmjs.org/browserify
74 verbose addNameVersion registry:https://registry.npmjs.org/browserify not in flight; fetching
75 silly cache add parsed spec { raw: 'vinyl-source-stream@1.0.0',
75 silly cache add   scope: null,
75 silly cache add   name: 'vinyl-source-stream',
75 silly cache add   rawSpec: '1.0.0',
75 silly cache add   spec: '1.0.0',
75 silly cache add   type: 'version' }
76 silly addNamed vinyl-source-stream@1.0.0
77 verbose addNamed "1.0.0" is a plain semver version for vinyl-source-stream
78 silly mapToRegistry name vinyl-source-stream
79 silly mapToRegistry using default registry
80 silly mapToRegistry registry https://registry.npmjs.org/
81 silly mapToRegistry uri https://registry.npmjs.org/vinyl-source-stream
82 verbose addNameVersion registry:https://registry.npmjs.org/vinyl-source-stream not in flight; fetching
83 silly cache add parsed spec { raw: 'watchify@2.0.0',
83 silly cache add   scope: null,
83 silly cache add   name: 'watchify',
83 silly cache add   rawSpec: '2.0.0',
83 silly cache add   spec: '2.0.0',
83 silly cache add   type: 'version' }
84 silly addNamed watchify@2.0.0
85 verbose addNamed "2.0.0" is a plain semver version for watchify
86 silly mapToRegistry name watchify
87 silly mapToRegistry using default registry
88 silly mapToRegistry registry https://registry.npmjs.org/
89 silly mapToRegistry uri https://registry.npmjs.org/watchify
90 verbose addNameVersion registry:https://registry.npmjs.org/watchify not in flight; fetching
91 silly cache add parsed spec { raw: 'gulp-util@3.0.1',
91 silly cache add   scope: null,
91 silly cache add   name: 'gulp-util',
91 silly cache add   rawSpec: '3.0.1',
91 silly cache add   spec: '3.0.1',
91 silly cache add   type: 'version' }
92 silly addNamed gulp-util@3.0.1
93 verbose addNamed "3.0.1" is a plain semver version for gulp-util
94 silly mapToRegistry name gulp-util
95 silly mapToRegistry using default registry
96 silly mapToRegistry registry https://registry.npmjs.org/
97 silly mapToRegistry uri https://registry.npmjs.org/gulp-util
98 verbose addNameVersion registry:https://registry.npmjs.org/gulp-util not in flight; fetching
99 silly cache add parsed spec { raw: 'pretty-hrtime@0.2.2',
99 silly cache add   scope: null,
99 silly cache add   name: 'pretty-hrtime',
99 silly cache add   rawSpec: '0.2.2',
99 silly cache add   spec: '0.2.2',
99 silly cache add   type: 'version' }
100 silly addNamed pretty-hrtime@0.2.2
101 verbose addNamed "0.2.2" is a plain semver version for pretty-hrtime
102 silly mapToRegistry name pretty-hrtime
103 silly mapToRegistry using default registry
104 silly mapToRegistry registry https://registry.npmjs.org/
105 silly mapToRegistry uri https://registry.npmjs.org/pretty-hrtime
106 verbose addNameVersion registry:https://registry.npmjs.org/pretty-hrtime not in flight; fetching
107 silly cache add parsed spec { raw: 'gulp-notify@2.0.0clear',
107 silly cache add   scope: null,
107 silly cache add   name: 'gulp-notify',
107 silly cache add   rawSpec: '2.0.0clear',
107 silly cache add   spec: '2.0.0-clear',
107 silly cache add   type: 'version' }
108 silly addNamed gulp-notify@2.0.0-clear
109 verbose addNamed "2.0.0-clear" is a plain semver version for gulp-notify
110 silly mapToRegistry name gulp-notify
111 silly mapToRegistry using default registry
112 silly mapToRegistry registry https://registry.npmjs.org/
113 silly mapToRegistry uri https://registry.npmjs.org/gulp-notify
114 verbose addNameVersion registry:https://registry.npmjs.org/gulp-notify not in flight; fetching
115 verbose request uri https://registry.npmjs.org/vinyl-source-stream
116 verbose request no auth needed
117 info attempt registry request try #1 at 23:40:45
118 verbose request id 01dd698f91da39a5
119 verbose etag "1UJU5WL3D9GQHTHV7MHF0JARI"
120 http request GET https://registry.npmjs.org/vinyl-source-stream
121 verbose request uri https://registry.npmjs.org/watchify
122 verbose request no auth needed
123 info attempt registry request try #1 at 23:40:45
124 verbose etag "8JYRPKUN3WB0CQ8D9CSTM0AQS"
125 http request GET https://registry.npmjs.org/watchify
126 verbose request uri https://registry.npmjs.org/pretty-hrtime
127 verbose request no auth needed
128 info attempt registry request try #1 at 23:40:45
129 verbose etag "CF4MV7VI33ZW0UW51QX81EDAQ"
130 http request GET https://registry.npmjs.org/pretty-hrtime
131 verbose request uri https://registry.npmjs.org/gulp-util
132 verbose request no auth needed
133 info attempt registry request try #1 at 23:40:45
134 verbose etag "BVXNWBNNV9ROBJUYBH815TGS5"
135 http request GET https://registry.npmjs.org/gulp-util
136 verbose request uri https://registry.npmjs.org/gulp-notify
137 verbose request no auth needed
138 info attempt registry request try #1 at 23:40:45
139 verbose etag "72TUXO4FLT9R4AWZ2KBRQBNTL"
140 http request GET https://registry.npmjs.org/gulp-notify
141 verbose request uri https://registry.npmjs.org/browserify
142 verbose request no auth needed
143 info attempt registry request try #1 at 23:40:45
144 verbose etag "ASGSX0TZKBC5IMNRFMI0LZSE3"
145 http request GET https://registry.npmjs.org/browserify
146 http 304 https://registry.npmjs.org/pretty-hrtime
147 silly get cb [ 304,
147 silly get   { date: 'Tue, 25 Aug 2015 03:40:46 GMT',
147 silly get     via: '1.1 varnish',
147 silly get     'cache-control': 'max-age=60',
147 silly get     etag: '"CF4MV7VI33ZW0UW51QX81EDAQ"',
147 silly get     age: '49',
147 silly get     connection: 'keep-alive',
147 silly get     'x-served-by': 'cache-atl6225-ATL',
147 silly get     'x-cache': 'HIT',
147 silly get     'x-cache-hits': '3',
147 silly get     'x-timer': 'S1440474046.042838,VS0,VE0',
147 silly get     vary: 'Accept' } ]
148 verbose etag https://registry.npmjs.org/pretty-hrtime from cache
149 verbose get saving pretty-hrtime to /Users/TandySean/.npm/registry.npmjs.org/pretty-hrtime/.cache.json
150 http 304 https://registry.npmjs.org/browserify
151 silly get cb [ 304,
151 silly get   { date: 'Tue, 25 Aug 2015 03:40:46 GMT',
151 silly get     via: '1.1 varnish',
151 silly get     'cache-control': 'max-age=60',
151 silly get     etag: '"ASGSX0TZKBC5IMNRFMI0LZSE3"',
151 silly get     age: '58',
151 silly get     connection: 'keep-alive',
151 silly get     'x-served-by': 'cache-atl6224-ATL',
151 silly get     'x-cache': 'HIT',
151 silly get     'x-cache-hits': '2',
151 silly get     'x-timer': 'S1440474046.046944,VS0,VE0',
151 silly get     vary: 'Accept' } ]
152 verbose etag https://registry.npmjs.org/browserify from cache
153 verbose get saving browserify to /Users/TandySean/.npm/registry.npmjs.org/browserify/.cache.json
154 http 304 https://registry.npmjs.org/gulp-notify
155 silly get cb [ 304,
155 silly get   { date: 'Tue, 25 Aug 2015 03:40:46 GMT',
155 silly get     via: '1.1 varnish',
155 silly get     'cache-control': 'max-age=60',
155 silly get     etag: '"72TUXO4FLT9R4AWZ2KBRQBNTL"',
155 silly get     age: '51',
155 silly get     connection: 'keep-alive',
155 silly get     'x-served-by': 'cache-atl6226-ATL',
155 silly get     'x-cache': 'HIT',
155 silly get     'x-cache-hits': '1',
155 silly get     'x-timer': 'S1440474046.048987,VS0,VE0',
155 silly get     vary: 'Accept' } ]
156 verbose etag https://registry.npmjs.org/gulp-notify from cache
157 verbose get saving gulp-notify to /Users/TandySean/.npm/registry.npmjs.org/gulp-notify/.cache.json
158 http 304 https://registry.npmjs.org/gulp-util
159 silly get cb [ 304,
159 silly get   { date: 'Tue, 25 Aug 2015 03:40:46 GMT',
159 silly get     via: '1.1 varnish',
159 silly get     'cache-control': 'max-age=60',
159 silly get     etag: '"BVXNWBNNV9ROBJUYBH815TGS5"',
159 silly get     age: '41',
159 silly get     connection: 'keep-alive',
159 silly get     'x-served-by': 'cache-atl6235-ATL',
159 silly get     'x-cache': 'HIT',
159 silly get     'x-cache-hits': '1',
159 silly get     'x-timer': 'S1440474046.047577,VS0,VE1',
159 silly get     vary: 'Accept' } ]
160 verbose etag https://registry.npmjs.org/gulp-util from cache
161 verbose get saving gulp-util to /Users/TandySean/.npm/registry.npmjs.org/gulp-util/.cache.json
162 http 304 https://registry.npmjs.org/watchify
163 silly get cb [ 304,
163 silly get   { date: 'Tue, 25 Aug 2015 03:40:46 GMT',
163 silly get     via: '1.1 varnish',
163 silly get     'cache-control': 'max-age=60',
163 silly get     etag: '"8JYRPKUN3WB0CQ8D9CSTM0AQS"',
163 silly get     age: '56',
163 silly get     connection: 'keep-alive',
163 silly get     'x-served-by': 'cache-atl6227-ATL',
163 silly get     'x-cache': 'HIT',
163 silly get     'x-cache-hits': '2',
163 silly get     'x-timer': 'S1440474046.049053,VS0,VE0',
163 silly get     vary: 'Accept' } ]
164 verbose etag https://registry.npmjs.org/watchify from cache
165 verbose get saving watchify to /Users/TandySean/.npm/registry.npmjs.org/watchify/.cache.json
166 silly cache afterAdd gulp-util@3.0.1
167 verbose afterAdd /Users/TandySean/.npm/gulp-util/3.0.1/package/package.json not in flight; writing
168 silly cache afterAdd pretty-hrtime@0.2.2
169 verbose afterAdd /Users/TandySean/.npm/pretty-hrtime/0.2.2/package/package.json not in flight; writing
170 silly cache afterAdd watchify@2.0.0
171 verbose afterAdd /Users/TandySean/.npm/watchify/2.0.0/package/package.json not in flight; writing
172 silly cache afterAdd browserify@6.1.0
173 verbose afterAdd /Users/TandySean/.npm/browserify/6.1.0/package/package.json not in flight; writing
174 verbose afterAdd /Users/TandySean/.npm/pretty-hrtime/0.2.2/package/package.json written
175 verbose afterAdd /Users/TandySean/.npm/watchify/2.0.0/package/package.json written
176 verbose afterAdd /Users/TandySean/.npm/gulp-util/3.0.1/package/package.json written
177 verbose afterAdd /Users/TandySean/.npm/browserify/6.1.0/package/package.json written
178 http 304 https://registry.npmjs.org/vinyl-source-stream
179 silly get cb [ 304,
179 silly get   { date: 'Tue, 25 Aug 2015 03:40:46 GMT',
179 silly get     via: '1.1 varnish',
179 silly get     'cache-control': 'max-age=60',
179 silly get     etag: '"1UJU5WL3D9GQHTHV7MHF0JARI"',
179 silly get     age: '0',
179 silly get     connection: 'keep-alive',
179 silly get     'x-served-by': 'cache-atl6228-ATL',
179 silly get     'x-cache': 'HIT',
179 silly get     'x-cache-hits': '1',
179 silly get     'x-timer': 'S1440474046.044551,VS0,VE353',
179 silly get     vary: 'Accept' } ]
180 verbose etag https://registry.npmjs.org/vinyl-source-stream from cache
181 verbose get saving vinyl-source-stream to /Users/TandySean/.npm/registry.npmjs.org/vinyl-source-stream/.cache.json
182 silly cache afterAdd vinyl-source-stream@1.0.0
183 verbose afterAdd /Users/TandySean/.npm/vinyl-source-stream/1.0.0/package/package.json not in flight; writing
184 verbose afterAdd /Users/TandySean/.npm/vinyl-source-stream/1.0.0/package/package.json written
185 verbose stack Error: version not found: gulp-notify@2.0.0-clear
185 verbose stack     at setData (/usr/local/lib/node_modules/npm/lib/cache/add-named.js:137:12)
185 verbose stack     at RES (/usr/local/lib/node_modules/npm/node_modules/inflight/inflight.js:23:14)
185 verbose stack     at f (/usr/local/lib/node_modules/npm/node_modules/once/once.js:17:25)
185 verbose stack     at fixName (/usr/local/lib/node_modules/npm/lib/cache/add-named.js:29:5)
185 verbose stack     at saved (/usr/local/lib/node_modules/npm/lib/cache/caching-client.js:173:7)
185 verbose stack     at FSReqWrap.oncomplete (fs.js:95:15)
186 verbose statusCode 404
187 verbose cwd /Users/TandySean/Projects/sites/tandysean.github.io
188 error Darwin 14.5.0
189 error argv "node" "/usr/local/bin/npm" "install" "--save-dev" "browserify@6.1.0" "vinyl-source-stream@1.0.0" "watchify@2.0.0" "gulp-util@3.0.1" "pretty-hrtime@0.2.2" "gulp-notify@2.0.0clear"
190 error node v0.12.6
191 error npm  v2.11.3
192 error version not found: gulp-notify@2.0.0-clear
193 error If you need help, you may report this error at:
193 error     <https://github.com/npm/npm/issues>
194 verbose exit [ 1, true ]
